[0717/131058.113:ERROR:process_info.cc(329)] VirtualQueryEx: Access is denied. (0x5)
[0717/131058.115:ERROR:process_info.cc(556)] ReadMemoryInfo failed
[0717/131058.115:ERROR:scoped_process_suspend.cc(40)] NtResumeProcess: An attempt was made to access an exiting process. (0xc000010a)
[0717/152201.183:ERROR:process_info.cc(329)] VirtualQueryEx: Access is denied. (0x5)
[0717/152201.185:ERROR:process_info.cc(556)] ReadMemoryInfo failed
[0717/152201.186:ERROR:scoped_process_suspend.cc(40)] NtResumeProcess: An attempt was made to access an exiting process. (0xc000010a)
[0804/140947.013:ERROR:process_info.cc(329)] VirtualQueryEx: Access is denied. (0x5)
[0804/140947.014:ERROR:process_info.cc(556)] ReadMemoryInfo failed
[0804/140947.014:ERROR:process_memory_win.cc(39)] Failed to initialize ProcessInfo.
[0804/140947.014:ERROR:scoped_process_suspend.cc(40)] NtResumeProcess: An attempt was made to access an exiting process. (0xc000010a)
[0113/023915.917:ERROR:directory_reader_win.cc(43)] FindFirstFile: The system cannot find the path specified. (0x3)
[0115/133409.628:ERROR:directory_reader_win.cc(43)] FindFirstFile: The system cannot find the path specified. (0x3)
[0115/152233.324:ERROR:directory_reader_win.cc(43)] FindFirstFile: The system cannot find the path specified. (0x3)
[0115/153930.518:ERROR:directory_reader_win.cc(43)] FindFirstFile: The system cannot find the path specified. (0x3)
[0115/160650.527:ERROR:directory_reader_win.cc(43)] FindFirstFile: The system cannot find the path specified. (0x3)
[0115/165714.445:ERROR:directory_reader_win.cc(43)] FindFirstFile: The system cannot find the path specified. (0x3)
[0115/171509.822:ERROR:directory_reader_win.cc(43)] FindFirstFile: The system cannot find the path specified. (0x3)
[0123/114324.016:ERROR:directory_reader_win.cc(43)] FindFirstFile: The system cannot find the path specified. (0x3)
[0123/120050.614:ERROR:directory_reader_win.cc(43)] FindFirstFile: The system cannot find the path specified. (0x3)
[0123/132717.988:ERROR:directory_reader_win.cc(43)] FindFirstFile: The system cannot find the path specified. (0x3)
